<?xml version="1.0" encoding="UTF-8"?>
<testsuites name="jest tests" tests="2" failures="0" errors="0" time="1.529">
  <testsuite name="Home" errors="0" failures="0" skipped="0" timestamp="2023-03-10T14:51:00" time="0.621" tests="1">
    <testcase classname="Home Matches DOM Snapshot" name="Home Matches DOM Snapshot" time="0.036">
    </testcase>
  </testsuite>
  <testsuite name="Home" errors="0" failures="0" skipped="0" timestamp="2023-03-10T14:51:01" time="0.15" tests="1">
    <testcase classname="Home Matches DOM Snapshot" name="Home Matches DOM Snapshot" time="0.024">
    </testcase>
  </testsuite>
</testsuites>