<?xml version="1.0" encoding="UTF-8"?>
<testsuites name="jest tests" tests="6" failures="0" errors="0" time="0.972">
  <testsuite name="Home" errors="0" failures="0" skipped="0" timestamp="2023-03-02T13:57:57" time="0.405" tests="6">
    <testcase classname="Home Matches DOM Snapshot" name="Home Matches DOM Snapshot" time="0.023">
    </testcase>
    <testcase classname="Home is rendered" name="Home is rendered" time="0.027">
    </testcase>
    <testcase classname="Home upload button exists" name="Home upload button exists" time="0.016">
    </testcase>
    <testcase classname="Home sets file state when a file is uploaded" name="Home sets file state when a file is uploaded" time="0.01">
    </testcase>
    <testcase classname="Home does not set file state if user cancels file upload" name="Home does not set file state if user cancels file upload" time="0.009">
    </testcase>
    <testcase classname="Home does not make API request if file state is not set" name="Home does not make API request if file state is not set" time="0.011">
    </testcase>
  </testsuite>
</testsuites>