<?xml version="1.0" encoding="UTF-8"?>
<testsuites name="jest tests" tests="2" failures="0" errors="0" time="1.194">
  <testsuite name="Home" errors="0" failures="0" skipped="0" timestamp="2023-03-10T12:12:03" time="0.376" tests="1">
    <testcase classname="Home Matches DOM Snapshot" name="Home Matches DOM Snapshot" time="0.034">
    </testcase>
  </testsuite>
  <testsuite name="Home" errors="0" failures="0" skipped="0" timestamp="2023-03-10T12:12:04" time="0.236" tests="1">
    <testcase classname="Home Matches DOM Snapshot" name="Home Matches DOM Snapshot" time="0.021">
    </testcase>
  </testsuite>
</testsuites>